2023-12-17 23:12:72 INFO  HomePage :36 - UserName: [[ChromeDriver: chrome on windows (a16d49681acff1842838143223e480ed)] -> name: username]
2023-12-17 23:12:163 INFO  HomePage :41 - PassWord: [[ChromeDriver: chrome on windows (a16d49681acff1842838143223e480ed)] -> name: password]
2023-12-17 23:12:299 INFO  HomePage :46 - LoginButton: [[ChromeDriver: chrome on windows (a16d49681acff1842838143223e480ed)] -> xpath: //button[normalize-space()='Login']]
2023-12-17 23:12:77 INFO  HomePage :56 - hrmLogo: [[ChromeDriver: chrome on windows (3416bb2c486045d9ae8b77256f426074)] -> xpath: //div[@class='orangehrm-login-logo']//img[@alt='orangehrm-logo']]
2023-12-17 23:12:207 INFO  HomePage :36 - UserName: [[ChromeDriver: chrome on windows (2669a329e2288978d54a4513ed42900d)] -> name: username]
2023-12-17 23:12:282 INFO  HomePage :41 - PassWord: [[ChromeDriver: chrome on windows (2669a329e2288978d54a4513ed42900d)] -> name: password]
2023-12-17 23:12:369 INFO  HomePage :46 - LoginButton: [[ChromeDriver: chrome on windows (2669a329e2288978d54a4513ed42900d)] -> xpath: //button[normalize-space()='Login']]
2023-12-17 23:12:799 INFO  DashboardPage :25 - ProfilePhoto: [[ChromeDriver: chrome on windows (2669a329e2288978d54a4513ed42900d)] -> xpath: (//img[@class='oxd-userdropdown-img'])[1]]
2023-12-17 23:12:870 INFO  DashboardPage :30 - LogOut: [[ChromeDriver: chrome on windows (2669a329e2288978d54a4513ed42900d)] -> xpath: (//a[normalize-space()='Logout'])[1]]
2023-12-17 23:12:219 INFO  DashboardPage :37 - VerifySuccessMessage: [[ChromeDriver: chrome on windows (2669a329e2288978d54a4513ed42900d)] -> xpath: (//h5[normalize-space()='Login'])[1]]
2023-12-18 00:12:258 INFO  HomePage :36 - UserName: [[ChromeDriver: chrome on windows (6117fc8435062e95c04800e3c2d7de4b)] -> name: username]
2023-12-18 00:12:343 INFO  HomePage :41 - PassWord: [[ChromeDriver: chrome on windows (6117fc8435062e95c04800e3c2d7de4b)] -> name: password]
2023-12-18 00:12:486 INFO  HomePage :46 - LoginButton: [[ChromeDriver: chrome on windows (6117fc8435062e95c04800e3c2d7de4b)] -> xpath: //button[normalize-space()='Login']]
2023-12-18 00:12:577 INFO  HomePage :56 - hrmLogo: [[ChromeDriver: chrome on windows (09b899b759d5ebb3ba7ec854af45e7c2)] -> xpath: //div[@class='orangehrm-login-logo']//img[@alt='orangehrm-logo']]
2023-12-18 00:12:601 INFO  HomePage :36 - UserName: [[ChromeDriver: chrome on windows (5e629003bb9dd3b7b3a63041a0ce4253)] -> name: username]
2023-12-18 00:12:667 INFO  HomePage :41 - PassWord: [[ChromeDriver: chrome on windows (5e629003bb9dd3b7b3a63041a0ce4253)] -> name: password]
2023-12-18 00:12:785 INFO  HomePage :46 - LoginButton: [[ChromeDriver: chrome on windows (5e629003bb9dd3b7b3a63041a0ce4253)] -> xpath: //button[normalize-space()='Login']]
2023-12-18 00:12:75 INFO  DashboardPage :25 - ProfilePhoto: [[ChromeDriver: chrome on windows (5e629003bb9dd3b7b3a63041a0ce4253)] -> xpath: (//img[@class='oxd-userdropdown-img'])[1]]
2023-12-18 00:12:139 INFO  DashboardPage :30 - LogOut: [[ChromeDriver: chrome on windows (5e629003bb9dd3b7b3a63041a0ce4253)] -> xpath: (//a[normalize-space()='Logout'])[1]]
2023-12-18 00:12:589 INFO  DashboardPage :37 - VerifySuccessMessage: [[ChromeDriver: chrome on windows (5e629003bb9dd3b7b3a63041a0ce4253)] -> xpath: (//h5[normalize-space()='Login'])[1]]
2023-12-18 18:12:254 INFO  HomePage :36 - UserName: [[ChromeDriver: chrome on windows (460a97d975119bde438a20faf280e8b3)] -> name: username]
2023-12-18 18:12:336 INFO  HomePage :41 - PassWord: [[ChromeDriver: chrome on windows (460a97d975119bde438a20faf280e8b3)] -> name: password]
2023-12-18 18:12:444 INFO  HomePage :46 - LoginButton: [[ChromeDriver: chrome on windows (460a97d975119bde438a20faf280e8b3)] -> xpath: //button[normalize-space()='Login']]
2023-12-18 18:12:434 INFO  HomePage :56 - hrmLogo: [[ChromeDriver: chrome on windows (1be2cc66246afbe0ebba0e304e326f1e)] -> xpath: //div[@class='orangehrm-login-logo']//img[@alt='orangehrm-logo']]
2023-12-18 18:12:964 INFO  HomePage :36 - UserName: [[ChromeDriver: chrome on windows (2324f2cfdd44b04369fa07f64d7dadaf)] -> name: username]
2023-12-18 18:12:26 INFO  HomePage :41 - PassWord: [[ChromeDriver: chrome on windows (2324f2cfdd44b04369fa07f64d7dadaf)] -> name: password]
2023-12-18 18:12:167 INFO  HomePage :46 - LoginButton: [[ChromeDriver: chrome on windows (2324f2cfdd44b04369fa07f64d7dadaf)] -> xpath: //button[normalize-space()='Login']]
2023-12-18 18:12:305 INFO  DashboardPage :25 - ProfilePhoto: [[ChromeDriver: chrome on windows (2324f2cfdd44b04369fa07f64d7dadaf)] -> xpath: (//img[@class='oxd-userdropdown-img'])[1]]
2023-12-18 18:12:363 INFO  DashboardPage :30 - LogOut: [[ChromeDriver: chrome on windows (2324f2cfdd44b04369fa07f64d7dadaf)] -> xpath: (//a[normalize-space()='Logout'])[1]]
2023-12-18 18:12:884 INFO  DashboardPage :37 - VerifySuccessMessage: [[ChromeDriver: chrome on windows (2324f2cfdd44b04369fa07f64d7dadaf)] -> xpath: (//h5[normalize-space()='Login'])[1]]
2023-12-18 18:12:952 INFO  HomePage :36 - UserName: [[ChromeDriver: chrome on windows (cb2895d415c3387cf0042548dc539ccd)] -> name: username]
2023-12-18 18:12:33 INFO  HomePage :41 - PassWord: [[ChromeDriver: chrome on windows (cb2895d415c3387cf0042548dc539ccd)] -> name: password]
2023-12-18 18:12:171 INFO  LoginPage :20 - LoginButton: [[ChromeDriver: chrome on windows (cb2895d415c3387cf0042548dc539ccd)] -> xpath: //button[@type='submit']]
2023-12-18 18:12:322 INFO  AdminPage :28 - ClickOnAdminButton: [[ChromeDriver: chrome on windows (cb2895d415c3387cf0042548dc539ccd)] -> xpath: //body/div[@id='app']/div[1]/div[1]/aside[1]/nav[1]/div[2]/ul[1]/li[1]/a[1]/span[1]]
2023-12-18 18:12:874 INFO  ViewSystemUserPage :24 - SystemUser: [[ChromeDriver: chrome on windows (cb2895d415c3387cf0042548dc539ccd)] -> xpath: //h5[@class='oxd-text oxd-text--h5 oxd-table-filter-title']]
2023-12-18 18:12:887 INFO  ViewSystemUserPage :29 - AddButton: [[ChromeDriver: chrome on windows (cb2895d415c3387cf0042548dc539ccd)] -> xpath: //button[normalize-space()='Add']]
2023-12-18 18:12:386 INFO  AddUserPage :80 - UserName : Maya
2023-12-18 18:12:842 INFO  AddUserPage :100 - UserRoleSelect: Proxy element for: DefaultElementLocator 'By.xpath: //div[@class='oxd-grid-4 orangehrm-full-width-grid']/div[2]/div/div[2]/div/div/div[2]/i'
2023-12-18 18:12:536 INFO  HomePage :36 - UserName: [[ChromeDriver: chrome on windows (f9562ea912be15263060be6cf22e0422)] -> name: username]
2023-12-18 18:12:599 INFO  HomePage :41 - PassWord: [[ChromeDriver: chrome on windows (f9562ea912be15263060be6cf22e0422)] -> name: password]
2023-12-18 18:12:681 INFO  LoginPage :20 - LoginButton: [[ChromeDriver: chrome on windows (f9562ea912be15263060be6cf22e0422)] -> xpath: //button[@type='submit']]
2023-12-18 18:12:817 INFO  AdminPage :28 - ClickOnAdminButton: [[ChromeDriver: chrome on windows (f9562ea912be15263060be6cf22e0422)] -> xpath: //body/div[@id='app']/div[1]/div[1]/aside[1]/nav[1]/div[2]/ul[1]/li[1]/a[1]/span[1]]
2023-12-18 18:12:161 INFO  ViewSystemUserPage :24 - SystemUser: [[ChromeDriver: chrome on windows (f9562ea912be15263060be6cf22e0422)] -> xpath: //h5[@class='oxd-text oxd-text--h5 oxd-table-filter-title']]
2023-12-18 18:12:164 INFO  AddUserPage :80 - UserName : Maya
2023-12-18 18:12:809 INFO  HomePage :36 - UserName: [[ChromeDriver: chrome on windows (d45bf97faf19cdb98526aadf399113ee)] -> name: username]
2023-12-18 18:12:886 INFO  HomePage :41 - PassWord: [[ChromeDriver: chrome on windows (d45bf97faf19cdb98526aadf399113ee)] -> name: password]
2023-12-18 18:12:983 INFO  LoginPage :20 - LoginButton: [[ChromeDriver: chrome on windows (d45bf97faf19cdb98526aadf399113ee)] -> xpath: //button[@type='submit']]
2023-12-18 18:12:257 INFO  AdminPage :28 - ClickOnAdminButton: [[ChromeDriver: chrome on windows (d45bf97faf19cdb98526aadf399113ee)] -> xpath: //body/div[@id='app']/div[1]/div[1]/aside[1]/nav[1]/div[2]/ul[1]/li[1]/a[1]/span[1]]
2023-12-18 18:12:911 INFO  ViewSystemUserPage :24 - SystemUser: [[ChromeDriver: chrome on windows (d45bf97faf19cdb98526aadf399113ee)] -> xpath: //h5[@class='oxd-text oxd-text--h5 oxd-table-filter-title']]
2023-12-18 18:12:913 INFO  AddUserPage :80 - UserName : Maya
2023-12-18 20:12:642 INFO  HomePage :36 - UserName: [[ChromeDriver: chrome on windows (8066f29b6ad74f726fa1ad90c5f1b456)] -> name: username]
2023-12-18 20:12:729 INFO  HomePage :41 - PassWord: [[ChromeDriver: chrome on windows (8066f29b6ad74f726fa1ad90c5f1b456)] -> name: password]
2023-12-18 20:12:880 INFO  HomePage :46 - LoginButton: [[ChromeDriver: chrome on windows (8066f29b6ad74f726fa1ad90c5f1b456)] -> xpath: //button[normalize-space()='Login']]
2023-12-18 20:12:759 INFO  HomePage :56 - hrmLogo: [[ChromeDriver: chrome on windows (19993d8ab04867fcdf9aa6cd98f698e5)] -> xpath: //div[@class='orangehrm-login-logo']//img[@alt='orangehrm-logo']]
2023-12-18 20:12:897 INFO  HomePage :36 - UserName: [[ChromeDriver: chrome on windows (9d8f68729c164e683ce44082a8f34902)] -> name: username]
2023-12-18 20:12:978 INFO  HomePage :41 - PassWord: [[ChromeDriver: chrome on windows (9d8f68729c164e683ce44082a8f34902)] -> name: password]
2023-12-18 20:12:105 INFO  HomePage :46 - LoginButton: [[ChromeDriver: chrome on windows (9d8f68729c164e683ce44082a8f34902)] -> xpath: //button[normalize-space()='Login']]
2023-12-18 20:12:309 INFO  DashboardPage :25 - ProfilePhoto: [[ChromeDriver: chrome on windows (9d8f68729c164e683ce44082a8f34902)] -> xpath: (//img[@class='oxd-userdropdown-img'])[1]]
2023-12-18 20:12:389 INFO  DashboardPage :30 - LogOut: [[ChromeDriver: chrome on windows (9d8f68729c164e683ce44082a8f34902)] -> xpath: (//a[normalize-space()='Logout'])[1]]
2023-12-18 20:12:880 INFO  DashboardPage :37 - VerifySuccessMessage: [[ChromeDriver: chrome on windows (9d8f68729c164e683ce44082a8f34902)] -> xpath: (//h5[normalize-space()='Login'])[1]]
2023-12-18 20:12:329 INFO  HomePage :36 - UserName: [[ChromeDriver: chrome on windows (c558a8be839b7b890c6bef951a53f0a5)] -> name: username]
2023-12-18 20:12:398 INFO  HomePage :41 - PassWord: [[ChromeDriver: chrome on windows (c558a8be839b7b890c6bef951a53f0a5)] -> name: password]
2023-12-18 20:12:525 INFO  LoginPage :20 - LoginButton: [[ChromeDriver: chrome on windows (c558a8be839b7b890c6bef951a53f0a5)] -> xpath: //button[@type='submit']]
2023-12-18 20:12:642 INFO  AdminPage :28 - ClickOnAdminButton: [[ChromeDriver: chrome on windows (c558a8be839b7b890c6bef951a53f0a5)] -> xpath: //body/div[@id='app']/div[1]/div[1]/aside[1]/nav[1]/div[2]/ul[1]/li[1]/a[1]/span[1]]
2023-12-18 20:12:261 INFO  ViewSystemUserPage :24 - SystemUser: [[ChromeDriver: chrome on windows (c558a8be839b7b890c6bef951a53f0a5)] -> xpath: //h5[@class='oxd-text oxd-text--h5 oxd-table-filter-title']]
2023-12-18 20:12:286 INFO  ViewSystemUserPage :29 - AddButton: [[ChromeDriver: chrome on windows (c558a8be839b7b890c6bef951a53f0a5)] -> xpath: //button[normalize-space()='Add']]
2023-12-18 20:12:617 INFO  AddUserPage :80 - UserName : Maya
2023-12-18 20:12:17 INFO  AddUserPage :100 - UserRoleSelect: Proxy element for: DefaultElementLocator 'By.xpath: //div[@class='oxd-grid-4 orangehrm-full-width-grid']/div[2]/div/div[2]/div/div/div[2]/i'
2023-12-18 20:12:465 INFO  HomePage :36 - UserName: [[ChromeDriver: chrome on windows (ee83b910f1af3144e94803a20eab0102)] -> name: username]
2023-12-18 20:12:527 INFO  HomePage :41 - PassWord: [[ChromeDriver: chrome on windows (ee83b910f1af3144e94803a20eab0102)] -> name: password]
2023-12-18 20:12:631 INFO  LoginPage :20 - LoginButton: [[ChromeDriver: chrome on windows (ee83b910f1af3144e94803a20eab0102)] -> xpath: //button[@type='submit']]
2023-12-18 20:12:771 INFO  AdminPage :28 - ClickOnAdminButton: [[ChromeDriver: chrome on windows (ee83b910f1af3144e94803a20eab0102)] -> xpath: //body/div[@id='app']/div[1]/div[1]/aside[1]/nav[1]/div[2]/ul[1]/li[1]/a[1]/span[1]]
2023-12-18 20:12:432 INFO  ViewSystemUserPage :24 - SystemUser: [[ChromeDriver: chrome on windows (ee83b910f1af3144e94803a20eab0102)] -> xpath: //h5[@class='oxd-text oxd-text--h5 oxd-table-filter-title']]
2023-12-18 20:12:435 INFO  AddUserPage :80 - UserName : Maya
2023-12-18 20:12:820 INFO  HomePage :36 - UserName: [[ChromeDriver: chrome on windows (3175e708f471b49380d7aa6ac56e07fb)] -> name: username]
2023-12-18 20:12:896 INFO  HomePage :41 - PassWord: [[ChromeDriver: chrome on windows (3175e708f471b49380d7aa6ac56e07fb)] -> name: password]
2023-12-18 20:12:17 INFO  LoginPage :20 - LoginButton: [[ChromeDriver: chrome on windows (3175e708f471b49380d7aa6ac56e07fb)] -> xpath: //button[@type='submit']]
2023-12-18 20:12:218 INFO  AdminPage :28 - ClickOnAdminButton: [[ChromeDriver: chrome on windows (3175e708f471b49380d7aa6ac56e07fb)] -> xpath: //body/div[@id='app']/div[1]/div[1]/aside[1]/nav[1]/div[2]/ul[1]/li[1]/a[1]/span[1]]
2023-12-18 20:12:475 INFO  ViewSystemUserPage :24 - SystemUser: [[ChromeDriver: chrome on windows (3175e708f471b49380d7aa6ac56e07fb)] -> xpath: //h5[@class='oxd-text oxd-text--h5 oxd-table-filter-title']]
2023-12-18 20:12:478 INFO  AddUserPage :80 - UserName : Maya
